[0.015s] Invoking command in '/home/peko/colcon_ws/build/robotont_driver': CMAKE_PREFIX_PATH=/home/peko/colcon_ws/install/robotont_msgs:/home/peko/colcon_ws/install/sllidar_ros2:/home/peko/colcon_ws/install/robotont_support:/home/peko/colcon_ws/install/robotont_driver:/home/peko/colcon_ws/install/robotont_description:/home/peko/colcon_ws/install/robina_thesis:/home/peko/colcon_ws/install/laserscan_to_ranges:/opt/ros/jazzy/opt/gz_sim_vendor:/opt/ros/jazzy/opt/gz_sensors_vendor:/opt/ros/jazzy/opt/gz_physics_vendor:/opt/ros/jazzy/opt/sdformat_vendor:/opt/ros/jazzy/opt/gz_gui_vendor:/opt/ros/jazzy/opt/gz_transport_vendor:/opt/ros/jazzy/opt/gz_rendering_vendor:/opt/ros/jazzy/opt/gz_plugin_vendor:/opt/ros/jazzy/opt/gz_fuel_tools_vendor:/opt/ros/jazzy/opt/gz_msgs_vendor:/opt/ros/jazzy/opt/gz_common_vendor:/opt/ros/jazzy/opt/gz_math_vendor:/opt/ros/jazzy/opt/gz_utils_vendor:/opt/ros/jazzy/opt/gz_tools_vendor:/opt/ros/jazzy/opt/gz_ogre_next_vendor:/opt/ros/jazzy/opt/gz_dartsim_vendor:/opt/ros/jazzy/opt/gz_cmake_vendor:/home/peko/colcon_ws/install/robina_rfid:/opt/ros/jazzy DEBUGINFOD_URLS=https://debuginfod.ubuntu.com /usr/bin/cmake --build /home/peko/colcon_ws/build/robotont_driver -- -j16 -l16
[0.077s] [ 10%] Built target fake_driver_node
[0.097s] [ 20%] [32mBuilding CXX object CMakeFiles/robotont_driver.dir/src/plugin_odom.cpp.o[0m
[0.097s] [ 20%] [32mBuilding CXX object CMakeFiles/driver_node.dir/src/plugin_odom.cpp.o[0m
[0.106s] [01m[K/home/peko/colcon_ws/src/robotont/robotont_driver/src/plugin_odom.cpp:1:10:[m[K [01;31m[Kfatal error: [m[Krobotont_driver/plugin_odom.h: No such file or directory
[0.106s]     1 | #include [01;31m[K"robotont_driver/plugin_odom.h"[m[K
[0.106s]       |          [01;31m[K^~~~~~~~~~~~~~~~~~~~~~~~~~~~~~~[m[K
[0.106s] [01m[K/home/peko/colcon_ws/src/robotont/robotont_driver/src/plugin_odom.cpp:1:10:[m[K [01;31m[Kfatal error: [m[Krobotont_driver/plugin_odom.h: No such file or directory
[0.107s]     1 | #include [01;31m[K"robotont_driver/plugin_odom.h"[m[K
[0.107s]       |          [01;31m[K^~~~~~~~~~~~~~~~~~~~~~~~~~~~~~~[m[K
[0.107s] compilation terminated.
[0.107s] compilation terminated.
[0.107s] gmake[2]: *** [CMakeFiles/driver_node.dir/build.make:132: CMakeFiles/driver_node.dir/src/plugin_odom.cpp.o] Error 1
[0.107s] gmake[2]: *** [CMakeFiles/robotont_driver.dir/build.make:132: CMakeFiles/robotont_driver.dir/src/plugin_odom.cpp.o] Error 1
[0.107s] gmake[1]: *** [CMakeFiles/Makefile2:141: CMakeFiles/robotont_driver.dir/all] Error 2
[0.107s] gmake[1]: *** Waiting for unfinished jobs....
[0.107s] gmake[1]: *** [CMakeFiles/Makefile2:167: CMakeFiles/driver_node.dir/all] Error 2
[0.108s] gmake: *** [Makefile:146: all] Error 2
[0.110s] Invoked command in '/home/peko/colcon_ws/build/robotont_driver' returned '2': CMAKE_PREFIX_PATH=/home/peko/colcon_ws/install/robotont_msgs:/home/peko/colcon_ws/install/sllidar_ros2:/home/peko/colcon_ws/install/robotont_support:/home/peko/colcon_ws/install/robotont_driver:/home/peko/colcon_ws/install/robotont_description:/home/peko/colcon_ws/install/robina_thesis:/home/peko/colcon_ws/install/laserscan_to_ranges:/opt/ros/jazzy/opt/gz_sim_vendor:/opt/ros/jazzy/opt/gz_sensors_vendor:/opt/ros/jazzy/opt/gz_physics_vendor:/opt/ros/jazzy/opt/sdformat_vendor:/opt/ros/jazzy/opt/gz_gui_vendor:/opt/ros/jazzy/opt/gz_transport_vendor:/opt/ros/jazzy/opt/gz_rendering_vendor:/opt/ros/jazzy/opt/gz_plugin_vendor:/opt/ros/jazzy/opt/gz_fuel_tools_vendor:/opt/ros/jazzy/opt/gz_msgs_vendor:/opt/ros/jazzy/opt/gz_common_vendor:/opt/ros/jazzy/opt/gz_math_vendor:/opt/ros/jazzy/opt/gz_utils_vendor:/opt/ros/jazzy/opt/gz_tools_vendor:/opt/ros/jazzy/opt/gz_ogre_next_vendor:/opt/ros/jazzy/opt/gz_dartsim_vendor:/opt/ros/jazzy/opt/gz_cmake_vendor:/home/peko/colcon_ws/install/robina_rfid:/opt/ros/jazzy DEBUGINFOD_URLS=https://debuginfod.ubuntu.com /usr/bin/cmake --build /home/peko/colcon_ws/build/robotont_driver -- -j16 -l16
