[01m[K/home/peko/colcon_ws/src/robotont/robotont_driver/src/plugin_odom.cpp:[m[K In constructor â€˜[01m[Krobotont::PluginOdom::[01;32m[KPluginOdom[m[K(rclcpp::Node::SharedPtr)[m[Kâ€™:
[01m[K/home/peko/colcon_ws/src/robotont/robotont_driver/src/plugin_odom.cpp:30:3:[m[K [01;31m[Kerror: [m[Kâ€˜[01m[Kpublish_timer_[m[Kâ€™ was not declared in this scope
   30 |   [01;31m[Kpublish_timer_[m[K = node_->create_wall_timer(
      |   [01;31m[K^~~~~~~~~~~~~~[m[K
[01m[K/home/peko/colcon_ws/src/robotont/robotont_driver/src/plugin_odom.cpp:[m[K In constructor â€˜[01m[Krobotont::PluginOdom::[01;32m[KPluginOdom[m[K(rclcpp::Node::SharedPtr)[m[Kâ€™:
[01m[K/home/peko/colcon_ws/src/robotont/robotont_driver/src/plugin_odom.cpp:30:3:[m[K [01;31m[Kerror: [m[Kâ€˜[01m[Kpublish_timer_[m[Kâ€™ was not declared in this scope
   30 |   [01;31m[Kpublish_timer_[m[K = node_->create_wall_timer(
      |   [01;31m[K^~~~~~~~~~~~~~[m[K
gmake[2]: *** [CMakeFiles/driver_node.dir/build.make:132: CMakeFiles/driver_node.dir/src/plugin_odom.cpp.o] Error 1
gmake[2]: *** [CMakeFiles/robotont_driver.dir/build.make:132: CMakeFiles/robotont_driver.dir/src/plugin_odom.cpp.o] Error 1
gmake[1]: *** [CMakeFiles/Makefile2:167: CMakeFiles/driver_node.dir/all] Error 2
gmake[1]: *** Waiting for unfinished jobs....
gmake[1]: *** [CMakeFiles/Makefile2:141: CMakeFiles/robotont_driver.dir/all] Error 2
gmake: *** [Makefile:146: all] Error 2
