[0.031s] Invoking command in '/home/peko/colcon_ws/build/robotont_driver': CMAKE_PREFIX_PATH=/home/peko/colcon_ws/install/robotont_msgs:/home/peko/colcon_ws/install/sllidar_ros2:/home/peko/colcon_ws/install/robotont_support:/home/peko/colcon_ws/install/robotont_driver:/home/peko/colcon_ws/install/robotont_description:/home/peko/colcon_ws/install/robina_thesis:/home/peko/colcon_ws/install/laserscan_to_ranges:/opt/ros/jazzy/opt/gz_sim_vendor:/opt/ros/jazzy/opt/gz_sensors_vendor:/opt/ros/jazzy/opt/gz_physics_vendor:/opt/ros/jazzy/opt/sdformat_vendor:/opt/ros/jazzy/opt/gz_gui_vendor:/opt/ros/jazzy/opt/gz_transport_vendor:/opt/ros/jazzy/opt/gz_rendering_vendor:/opt/ros/jazzy/opt/gz_plugin_vendor:/opt/ros/jazzy/opt/gz_fuel_tools_vendor:/opt/ros/jazzy/opt/gz_msgs_vendor:/opt/ros/jazzy/opt/gz_common_vendor:/opt/ros/jazzy/opt/gz_math_vendor:/opt/ros/jazzy/opt/gz_utils_vendor:/opt/ros/jazzy/opt/gz_tools_vendor:/opt/ros/jazzy/opt/gz_ogre_next_vendor:/opt/ros/jazzy/opt/gz_dartsim_vendor:/opt/ros/jazzy/opt/gz_cmake_vendor:/home/peko/colcon_ws/install/robina_rfid:/opt/ros/jazzy DEBUGINFOD_URLS=https://debuginfod.ubuntu.com /usr/bin/cmake --build /home/peko/colcon_ws/build/robotont_driver -- -j16 -l16
[0.093s] [ 10%] Built target fake_driver_node
[0.131s] [ 15%] [32mBuilding CXX object CMakeFiles/robotont_driver.dir/src/plugin_odom.cpp.o[0m
[0.133s] [ 20%] [32mBuilding CXX object CMakeFiles/driver_node.dir/src/plugin_odom.cpp.o[0m
[1.634s] [01m[K/home/peko/colcon_ws/src/robotont/robotont_driver/src/plugin_odom.cpp:[m[K In constructor â€˜[01m[Krobotont::PluginOdom::[01;32m[KPluginOdom[m[K(rclcpp::Node::SharedPtr)[m[Kâ€™:
[1.635s] [01m[K/home/peko/colcon_ws/src/robotont/robotont_driver/src/plugin_odom.cpp:30:3:[m[K [01;31m[Kerror: [m[Kâ€˜[01m[Kpublish_timer_[m[Kâ€™ was not declared in this scope
[1.635s]    30 |   [01;31m[Kpublish_timer_[m[K = node_->create_wall_timer(
[1.635s]       |   [01;31m[K^~~~~~~~~~~~~~[m[K
[1.635s] [01m[K/home/peko/colcon_ws/src/robotont/robotont_driver/src/plugin_odom.cpp:[m[K In constructor â€˜[01m[Krobotont::PluginOdom::[01;32m[KPluginOdom[m[K(rclcpp::Node::SharedPtr)[m[Kâ€™:
[1.635s] [01m[K/home/peko/colcon_ws/src/robotont/robotont_driver/src/plugin_odom.cpp:30:3:[m[K [01;31m[Kerror: [m[Kâ€˜[01m[Kpublish_timer_[m[Kâ€™ was not declared in this scope
[1.635s]    30 |   [01;31m[Kpublish_timer_[m[K = node_->create_wall_timer(
[1.635s]       |   [01;31m[K^~~~~~~~~~~~~~[m[K
[2.360s] gmake[2]: *** [CMakeFiles/driver_node.dir/build.make:132: CMakeFiles/driver_node.dir/src/plugin_odom.cpp.o] Error 1
[2.360s] gmake[2]: *** [CMakeFiles/robotont_driver.dir/build.make:132: CMakeFiles/robotont_driver.dir/src/plugin_odom.cpp.o] Error 1
[2.360s] gmake[1]: *** [CMakeFiles/Makefile2:167: CMakeFiles/driver_node.dir/all] Error 2
[2.360s] gmake[1]: *** Waiting for unfinished jobs....
[2.360s] gmake[1]: *** [CMakeFiles/Makefile2:141: CMakeFiles/robotont_driver.dir/all] Error 2
[2.360s] gmake: *** [Makefile:146: all] Error 2
[2.362s] Invoked command in '/home/peko/colcon_ws/build/robotont_driver' returned '2': CMAKE_PREFIX_PATH=/home/peko/colcon_ws/install/robotont_msgs:/home/peko/colcon_ws/install/sllidar_ros2:/home/peko/colcon_ws/install/robotont_support:/home/peko/colcon_ws/install/robotont_driver:/home/peko/colcon_ws/install/robotont_description:/home/peko/colcon_ws/install/robina_thesis:/home/peko/colcon_ws/install/laserscan_to_ranges:/opt/ros/jazzy/opt/gz_sim_vendor:/opt/ros/jazzy/opt/gz_sensors_vendor:/opt/ros/jazzy/opt/gz_physics_vendor:/opt/ros/jazzy/opt/sdformat_vendor:/opt/ros/jazzy/opt/gz_gui_vendor:/opt/ros/jazzy/opt/gz_transport_vendor:/opt/ros/jazzy/opt/gz_rendering_vendor:/opt/ros/jazzy/opt/gz_plugin_vendor:/opt/ros/jazzy/opt/gz_fuel_tools_vendor:/opt/ros/jazzy/opt/gz_msgs_vendor:/opt/ros/jazzy/opt/gz_common_vendor:/opt/ros/jazzy/opt/gz_math_vendor:/opt/ros/jazzy/opt/gz_utils_vendor:/opt/ros/jazzy/opt/gz_tools_vendor:/opt/ros/jazzy/opt/gz_ogre_next_vendor:/opt/ros/jazzy/opt/gz_dartsim_vendor:/opt/ros/jazzy/opt/gz_cmake_vendor:/home/peko/colcon_ws/install/robina_rfid:/opt/ros/jazzy DEBUGINFOD_URLS=https://debuginfod.ubuntu.com /usr/bin/cmake --build /home/peko/colcon_ws/build/robotont_driver -- -j16 -l16
